cn19.hpc.itu.dk
Loading checkpoint shards:   0%|          | 0/3 [00:00<?, ?it/s]Loading checkpoint shards:  33%|███▎      | 1/3 [00:27<00:54, 27.20s/it]Loading checkpoint shards:  67%|██████▋   | 2/3 [00:28<00:11, 11.73s/it]Loading checkpoint shards: 100%|██████████| 3/3 [00:28<00:00,  6.66s/it]Loading checkpoint shards: 100%|██████████| 3/3 [00:28<00:00,  9.57s/it]
******************************
Output: Allen Holden ( 18 April 1911 ) was born
True:  Allen Holden
gold in output: True, 
wrong in output: False
******************************
Output: A
True:  Ainhoa Artolazábal
gold in output: False, 
wrong in output: False
******************************
******************************
Output: Gerd Cintl
True:  Gerd Cintl
gold in output: True, 
wrong in output: False
******************************
Output: L
True:  Léa Drucker
gold in output: False, 
wrong in output: False
******************************
******************************
Output: Clark Kerr ( May 17, 1911 – December 1
True:  Clark Kerr
gold in output: True, 
wrong in output: False
******************************
Output: C
True:  François Barrer
gold in output: False, 
wrong in output: False
******************************
******************************
Output: The World's Greatest Athlete was released first
True:  The World's Greatest Athlete
gold in output: True, 
wrong in output: False
******************************
Output: I
True:  Invincible
gold in output: False, 
wrong in output: False
******************************
[]
Traceback (most recent call last):
  File "/home/ccor/ResearchProject/counterfactuals.py", line 112, in <module>
    out,gold_present,wrong_present,out2,gold2_present,wrong2_present = get_responses(v)
  File "/home/ccor/ResearchProject/counterfactuals.py", line 68, in get_responses
    out2 = re.findall(r'(?<=Answer: ).*', output2)[0]
IndexError: list index out of range
